<?xml version="1.0" encoding="UTF-8"?>
<!-- Generated by org.testng.reporters.JUnitReportReporter -->
<testsuite hostname="DESKTOP-L24NCKJ" failures="0" tests="4" name="testng.parameters.dataprovider.DataPtoviderSample" time="13.398" errors="0" timestamp="16 Jun 2024 06:58:24 GMT" skipped="0">
  <testcase classname="testng.parameters.dataprovider.DataPtoviderSample" name="fbLogin" time="3.393"/>
  <testcase classname="testng.parameters.dataprovider.DataPtoviderSample" name="fbLogin" time="3.736"/>
  <testcase classname="testng.parameters.dataprovider.DataPtoviderSample" name="fbLogin" time="3.027"/>
  <testcase classname="testng.parameters.dataprovider.DataPtoviderSample" name="fbLogin" time="3.242"/>
</testsuite> <!-- testng.parameters.dataprovider.DataPtoviderSample -->
