<?xml version="1.0" encoding="UTF-8"?>
<!-- Generated by org.testng.reporters.JUnitReportReporter -->
<testsuite hostname="DESKTOP-L24NCKJ" failures="0" tests="4" name="testng.groups.GroupsSample" time="0.007" errors="0" timestamp="16 Jun 2024 06:34:17 GMT" skipped="0">
  <testcase classname="testng.groups.GroupsSample" name="cart2" time="0.002"/>
  <testcase classname="testng.groups.GroupsSample" name="cart1" time="0.001"/>
  <testcase classname="testng.groups.GroupsSample" name="login2" time="0.003"/>
  <testcase classname="testng.groups.GroupsSample" name="login1" time="0.001"/>
</testsuite> <!-- testng.groups.GroupsSample -->
