<?xml version="1.0" encoding="UTF-8"?>
<!-- Generated by org.testng.reporters.JUnitReportReporter -->
<testsuite hostname="DESKTOP-L24NCKJ" failures="0" tests="2" name="testng.attributies.Enabled" time="0.001" errors="0" timestamp="13 Jun 2024 01:07:27 GMT" skipped="1">
  <testcase classname="testng.attributies.Enabled" name="test2" time="0.001"/>
  <testcase classname="testng.attributies.Enabled" name="test1">
    <skipped/>
  </testcase> <!-- test1 -->
</testsuite> <!-- testng.attributies.Enabled -->
