<?xml version="1.0" encoding="UTF-8"?>
<!-- Generated by org.testng.reporters.JUnitReportReporter -->
<testsuite hostname="DESKTOP-L24NCKJ" failures="0" tests="1" name="testng.attributies.Description" time="0.001" errors="0" timestamp="13 Jun 2024 01:23:13 GMT" skipped="0">
  <testcase classname="testng.attributies.Description" name="sample" time="0.001"/>
</testsuite> <!-- testng.attributies.Description -->
