<?xml version="1.0" encoding="UTF-8"?>
<!-- Generated by org.testng.reporters.JUnitReportReporter -->
<testsuite hostname="DESKTOP-L24NCKJ" failures="0" tests="1" name="testng.extentreports.ExtentReportsSample" time="0.780" errors="0" timestamp="20 Jun 2024 01:08:33 GMT" skipped="0">
  <testcase classname="testng.extentreports.ExtentReportsSample" name="sample" time="0.780"/>
</testsuite> <!-- testng.extentreports.ExtentReportsSample -->
