<?xml version="1.0" encoding="UTF-8"?>
<!-- Generated by org.testng.reporters.JUnitReportReporter -->
<testsuite hostname="DESKTOP-L24NCKJ" failures="0" tests="10" name="testng.attributies.ThreadPoolSize" time="83.909" errors="0" timestamp="15 Jun 2024 06:02:38 GMT" skipped="0">
  <testcase classname="testng.attributies.ThreadPoolSize" name="jpetLogin" time="7.618"/>
  <testcase classname="testng.attributies.ThreadPoolSize" name="jpetLogin" time="10.363"/>
  <testcase classname="testng.attributies.ThreadPoolSize" name="jpetLogin" time="10.585"/>
  <testcase classname="testng.attributies.ThreadPoolSize" name="jpetLogin" time="8.106"/>
  <testcase classname="testng.attributies.ThreadPoolSize" name="jpetLogin" time="7.787"/>
  <testcase classname="testng.attributies.ThreadPoolSize" name="jpetLogin" time="10.689"/>
  <testcase classname="testng.attributies.ThreadPoolSize" name="jpetLogin" time="10.659"/>
  <testcase classname="testng.attributies.ThreadPoolSize" name="jpetLogin" time="8.060"/>
  <testcase classname="testng.attributies.ThreadPoolSize" name="jpetLogin" time="4.858"/>
  <testcase classname="testng.attributies.ThreadPoolSize" name="jpetLogin" time="5.184"/>
</testsuite> <!-- testng.attributies.ThreadPoolSize -->
