<?xml version="1.0" encoding="UTF-8"?>
<!-- Generated by org.testng.reporters.JUnitReportReporter -->
<testsuite hostname="DESKTOP-L24NCKJ" failures="0" tests="2" name="testng.groups.GroupOfGroupsSample" time="0.015" errors="0" timestamp="16 Jun 2024 06:34:17 GMT" skipped="0">
  <testcase classname="testng.groups.GroupOfGroupsSample" name="plp1" time="0.002"/>
  <testcase classname="testng.groups.GroupOfGroupsSample" name="pdp1" time="0.013"/>
</testsuite> <!-- testng.groups.GroupOfGroupsSample -->
