<?xml version="1.0" encoding="UTF-8"?>
<!-- Generated by org.testng.reporters.JUnitReportReporter -->
<testsuite hostname="DESKTOP-L24NCKJ" failures="0" tests="2" name="testng.parameters.dataprovider.DataProviderSample" time="6.800" errors="0" timestamp="16 Jun 2024 07:01:53 GMT" skipped="0">
  <testcase classname="testng.parameters.dataprovider.DataProviderSample" name="fbLogin" time="3.954"/>
  <testcase classname="testng.parameters.dataprovider.DataProviderSample" name="fbLogin" time="2.846"/>
</testsuite> <!-- testng.parameters.dataprovider.DataProviderSample -->
