<?xml version="1.0" encoding="UTF-8"?>
<!-- Generated by org.testng.reporters.JUnitReportReporter -->
<testsuite hostname="DESKTOP-L24NCKJ" failures="0" tests="2" name="testng.sample.annotations.Sample" time="0.012" errors="0" timestamp="12 Jun 2024 01:07:40 GMT" skipped="0">
  <testcase classname="testng.sample.annotations.Sample" name="testMethod2" time="0.002"/>
  <testcase classname="testng.sample.annotations.Sample" name="testMethod1" time="0.010"/>
</testsuite> <!-- testng.sample.annotations.Sample -->
