<?xml version="1.0" encoding="UTF-8"?>
<!-- Generated by org.testng.reporters.JUnitReportReporter -->
<testsuite hostname="DESKTOP-L24NCKJ" failures="0" tests="1" name="testng.parameters.dataprovider.ParameterSample" time="5.142" errors="0" timestamp="15 Jun 2024 07:23:09 GMT" skipped="0">
  <testcase classname="testng.parameters.dataprovider.ParameterSample" name="jpetLogin" time="5.142"/>
</testsuite> <!-- testng.parameters.dataprovider.ParameterSample -->
