<?xml version="1.0" encoding="UTF-8"?>
<!-- Generated by org.testng.reporters.JUnitReportReporter -->
<testsuite hostname="DESKTOP-L24NCKJ" failures="0" tests="1" name="testng.assertion.verify.SoftAssertion" time="0.022" errors="0" timestamp="15 Jun 2024 07:36:32 GMT" skipped="0">
  <testcase classname="testng.assertion.verify.SoftAssertion" name="verifyMethod" time="0.022"/>
</testsuite> <!-- testng.assertion.verify.SoftAssertion -->
