<?xml version="1.0" encoding="UTF-8"?>
<!-- Generated by org.testng.reporters.JUnitReportReporter -->
<testsuite hostname="DESKTOP-L24NCKJ" failures="0" tests="2" name="testng.attributies.Priority" time="0.015" errors="0" timestamp="13 Jun 2024 01:23:13 GMT" skipped="0">
  <testcase classname="testng.attributies.Priority" name="testb" time="0.013"/>
  <testcase classname="testng.attributies.Priority" name="teste" time="0.002"/>
</testsuite> <!-- testng.attributies.Priority -->
